
  .   ____          _            __ _ _
 /\\ / ___'_ __ _ _(_)_ __  __ _ \ \ \ \
( ( )\___ | '_ | '_| | '_ \/ _` | \ \ \ \
 \\/  ___)| |_)| | | | | || (_| |  ) ) ) )
  '  |____| .__|_| |_|_| |_\__, | / / / /
 =========|_|==============|___/=/_/_/_/
[32m :: Spring Boot :: [39m              [2m (v3.0.0)[0;39m

[2m2022-12-20T13:25:41.706+01:00[0;39m [32m INFO[0;39m [35m16744[0;39m [2m---[0;39m [2m[           main][0;39m [36me.u.c.j.RestEjer1ConUiApplication       [0;39m [2m:[0;39m Starting RestEjer1ConUiApplication using Java 17.0.4.1 with PID 16744 (C:\Users\lmora\Documents\GitHub\CookieMayhem-JuegosEnRed\ApiRest\rest_ejem4\target\classes started by lmora in C:\Users\lmora\Documents\GitHub\CookieMayhem-JuegosEnRed\ApiRest\rest_ejem4)
[2m2022-12-20T13:25:41.712+01:00[0;39m [32m INFO[0;39m [35m16744[0;39m [2m---[0;39m [2m[           main][0;39m [36me.u.c.j.RestEjer1ConUiApplication       [0;39m [2m:[0;39m No active profile set, falling back to 1 default profile: "default"
[2m2022-12-20T13:25:42.486+01:00[0;39m [32m INFO[0;39m [35m16744[0;39m [2m---[0;39m [2m[           main][0;39m [36mo.s.b.w.embedded.tomcat.TomcatWebServer [0;39m [2m:[0;39m Tomcat initialized with port(s): 8080 (http)
[2m2022-12-20T13:25:42.500+01:00[0;39m [32m INFO[0;39m [35m16744[0;39m [2m---[0;39m [2m[           main][0;39m [36mo.apache.catalina.core.StandardService  [0;39m [2m:[0;39m Starting service [Tomcat]
[2m2022-12-20T13:25:42.502+01:00[0;39m [32m INFO[0;39m [35m16744[0;39m [2m---[0;39m [2m[           main][0;39m [36mo.apache.catalina.core.StandardEngine   [0;39m [2m:[0;39m Starting Servlet engine: [Apache Tomcat/10.1.1]
[2m2022-12-20T13:25:42.602+01:00[0;39m [32m INFO[0;39m [35m16744[0;39m [2m---[0;39m [2m[           main][0;39m [36mo.a.c.c.C.[Tomcat].[localhost].[/]      [0;39m [2m:[0;39m Initializing Spring embedded WebApplicationContext
[2m2022-12-20T13:25:42.602+01:00[0;39m [32m INFO[0;39m [35m16744[0;39m [2m---[0;39m [2m[           main][0;39m [36mw.s.c.ServletWebServerApplicationContext[0;39m [2m:[0;39m Root WebApplicationContext: initialization completed in 841 ms
[2m2022-12-20T13:25:42.797+01:00[0;39m [32m INFO[0;39m [35m16744[0;39m [2m---[0;39m [2m[           main][0;39m [36mo.s.b.a.w.s.WelcomePageHandlerMapping   [0;39m [2m:[0;39m Adding welcome page: class path resource [static/index.html]
[2m2022-12-20T13:25:42.929+01:00[0;39m [32m INFO[0;39m [35m16744[0;39m [2m---[0;39m [2m[           main][0;39m [36mo.s.b.w.embedded.tomcat.TomcatWebServer [0;39m [2m:[0;39m Tomcat started on port(s): 8080 (http) with context path ''
[2m2022-12-20T13:25:42.937+01:00[0;39m [32m INFO[0;39m [35m16744[0;39m [2m---[0;39m [2m[           main][0;39m [36me.u.c.j.RestEjer1ConUiApplication       [0;39m [2m:[0;39m Started RestEjer1ConUiApplication in 1.569 seconds (process running for 2.204)
[2m2022-12-20T13:26:19.536+01:00[0;39m [32m INFO[0;39m [35m16744[0;39m [2m---[0;39m [2m[nio-8080-exec-1][0;39m [36mo.a.c.c.C.[Tomcat].[localhost].[/]      [0;39m [2m:[0;39m Initializing Spring DispatcherServlet 'dispatcherServlet'
[2m2022-12-20T13:26:19.536+01:00[0;39m [32m INFO[0;39m [35m16744[0;39m [2m---[0;39m [2m[nio-8080-exec-1][0;39m [36mo.s.web.servlet.DispatcherServlet       [0;39m [2m:[0;39m Initializing Servlet 'dispatcherServlet'
[2m2022-12-20T13:26:19.537+01:00[0;39m [32m INFO[0;39m [35m16744[0;39m [2m---[0;39m [2m[nio-8080-exec-1][0;39m [36mo.s.web.servlet.DispatcherServlet       [0;39m [2m:[0;39m Completed initialization in 1 ms
[2m2022-12-20T13:27:12.756+01:00[0;39m [32m INFO[0;39m [35m16744[0;39m [2m---[0;39m [2m[on(7)-127.0.0.1][0;39m [36minMXBeanRegistrar$SpringApplicationAdmin[0;39m [2m:[0;39m Application shutdown requested.
[2m2022-12-20T13:27:12.765+01:00[0;39m [32m INFO[0;39m [35m16744[0;39m [2m---[0;39m [2m[on(7)-127.0.0.1][0;39m [36mo.apache.catalina.core.StandardService  [0;39m [2m:[0;39m Stopping service [Tomcat]
[2m2022-12-20T13:27:12.766+01:00[0;39m [32m INFO[0;39m [35m16744[0;39m [2m---[0;39m [2m[on(7)-127.0.0.1][0;39m [36mo.a.c.c.C.[Tomcat].[localhost].[/]      [0;39m [2m:[0;39m Destroying Spring FrameworkServlet 'dispatcherServlet'
